<?xml version="1.0" encoding="UTF-8"?>
<!-- Generated by org.testng.reporters.JUnitXMLReporter -->
<testsuite ignored="2" hostname="KISHORE-RYALA" failures="0" tests="5" name="Car Loan" time="0.212" errors="0" timestamp="2023-02-08T16:23:07 EST">
  <testcase classname="test.Day3" name="MobileSignoutHomeLoan" time="0.035"/>
  <testcase classname="test.Day3" name="MobileSignoutHomeLoan" time="0.005"/>
  <testcase classname="test.Day3" name="MobileSignoutHomeLoan" time="0.006"/>
  <testcase classname="test.Day3" name="MobileloginCarLoan" time="0.005"/>
  <testcase classname="test.Day3" name="WebloginCarLoan" time="0.004"/>
  <testcase classname="test.Day3" name="APICarLoan" time="0.0">
    <ignored/>
  </testcase> <!-- APICarLoan -->
  <testcase classname="test.Day3" name="MobileSigninHomeLoan" time="0.0">
    <ignored/>
  </testcase> <!-- MobileSigninHomeLoan -->
</testsuite> <!-- Car Loan -->
