<?xml version="1.0" encoding="UTF-8"?>
<!-- Generated by org.testng.reporters.JUnitXMLReporter -->
<testsuite ignored="3" hostname="KISHORE-RYALA" failures="0" tests="8" name="Regression" time="0.089" errors="0" timestamp="2023-02-08T11:43:49 EST">
  <testcase classname="test.Day1" name="Demo" time="0.01"/>
  <testcase classname="test.Day1" name="Demo1" time="0.003"/>
  <testcase classname="test.Day3" name="APICarLoan" time="0.002"/>
  <testcase classname="test.Day3" name="MobileSigninHomeLoan" time="0.002"/>
  <testcase classname="test.Day3" name="MobileSignoutHomeLoan" time="0.002"/>
  <testcase classname="test.Day3" name="WebloginCarLoan" time="0.001"/>
  <testcase classname="test.Day4" name="LoginAPIHomeLoan" time="0.001"/>
  <testcase classname="test.Day4" name="WebloginHomeLoan" time="0.002"/>
  <testcase classname="test.Day3" name="MobileloginCarLoan" time="0.0">
    <ignored/>
  </testcase> <!-- MobileloginCarLoan -->
  <testcase classname="test.Day4" name="MobileloginHomeLoan" time="0.0">
    <ignored/>
  </testcase> <!-- MobileloginHomeLoan -->
  <testcase classname="test.Day2" name="Demo3" time="0.0">
    <ignored/>
  </testcase> <!-- Demo3 -->
</testsuite> <!-- Regression -->
